[2025-11-28 21:58:22]	[done]
	build successfully !

[2025-11-29 16:16:44]	[info] incremental build: 64 source files changed
These source files will be recompiled
---
'l:\STM32_Example\Github\STM32-Learn\STM32F407\PeripheralModule\OV2640\OV2640_DCMI_Init.c': compiler options has been changed.
'l:\STM32_Example\Github\STM32-Learn\STM32F407\PeripheralModule\OV2640\OV2640_DMA_Init.c': compiler options has been changed.
'l:\STM32_Example\Github\STM32-Learn\STM32F407\PeripheralModule\OV2640\OV2640_init.c': compiler options has been changed.
'l:\STM32_Example\Github\STM32-Learn\STM32F407\PeripheralModule\SPI_Screen\SPI_Screen_init.c': compiler options has been changed.
'l:\STM32_Example\Github\STM32-Learn\STM32F407\app\main.c': source file has been changed.
'l:\STM32_Example\Github\STM32-Learn\STM32F407\board\board.c': compiler options has been changed.
'l:\STM32_Example\Github\STM32-Learn\STM32F407\bsp\DMA\DMA_Init.c': compiler options has been changed.
'l:\STM32_Example\Github\STM32-Learn\STM32F407\bsp\I2C\i2c_handle.c': compiler options has been changed.
'l:\STM32_Example\Github\STM32-Learn\STM32F407\bsp\I2C\i2c_init.c': compiler options has been changed.
'l:\STM32_Example\Github\STM32-Learn\STM32F407\bsp\NVIC\NVIC_Init.c': compiler options has been changed.
'l:\STM32_Example\Github\STM32-Learn\STM32F407\bsp\Response\response.c': source file has been changed.
'l:\STM32_Example\Github\STM32-Learn\STM32F407\bsp\SPI\SPI_Control.c': compiler options has been changed.
'l:\STM32_Example\Github\STM32-Learn\STM32F407\bsp\SPI\Test_code.c': compiler options has been changed.
'l:\STM32_Example\Github\STM32-Learn\STM32F407\bsp\SPI\spi_init.c': compiler options has been changed.
'l:\STM32_Example\Github\STM32-Learn\STM32F407\bsp\uart\bsp_uart.c': compiler options has been changed.
'l:\STM32_Example\Github\STM32-Learn\STM32F407\libraries\CMSIS\Device\ST\STM32F4xx\Source\Templates\arm\startup_stm32f40xx.s': compiler options has been changed.
'l:\STM32_Example\Github\STM32-Learn\STM32F407\libraries\CMSIS\Device\ST\STM32F4xx\Source\Templates\system_stm32f4xx.c': compiler options has been changed.
'l:\STM32_Example\Github\STM32-Learn\STM32F407\libraries\STM32F4xx_StdPeriph_Driver\src\misc.c': compiler options has been changed.
'l:\STM32_Example\Github\STM32-Learn\STM32F407\libraries\STM32F4xx_StdPeriph_Driver\src\stm32f4xx_adc.c': compiler options has been changed.
'l:\STM32_Example\Github\STM32-Learn\STM32F407\libraries\STM32F4xx_StdPeriph_Driver\src\stm32f4xx_can.c': compiler options has been changed.
'l:\STM32_Example\Github\STM32-Learn\STM32F407\libraries\STM32F4xx_StdPeriph_Driver\src\stm32f4xx_cec.c': compiler options has been changed.
'l:\STM32_Example\Github\STM32-Learn\STM32F407\libraries\STM32F4xx_StdPeriph_Driver\src\stm32f4xx_crc.c': compiler options has been changed.
'l:\STM32_Example\Github\STM32-Learn\STM32F407\libraries\STM32F4xx_StdPeriph_Driver\src\stm32f4xx_cryp.c': compiler options has been changed.
'l:\STM32_Example\Github\STM32-Learn\STM32F407\libraries\STM32F4xx_StdPeriph_Driver\src\stm32f4xx_cryp_aes.c': compiler options has been changed.
'l:\STM32_Example\Github\STM32-Learn\STM32F407\libraries\STM32F4xx_StdPeriph_Driver\src\stm32f4xx_cryp_des.c': compiler options has been changed.
'l:\STM32_Example\Github\STM32-Learn\STM32F407\libraries\STM32F4xx_StdPeriph_Driver\src\stm32f4xx_cryp_tdes.c': compiler options has been changed.
'l:\STM32_Example\Github\STM32-Learn\STM32F407\libraries\STM32F4xx_StdPeriph_Driver\src\stm32f4xx_dac.c': compiler options has been changed.
'l:\STM32_Example\Github\STM32-Learn\STM32F407\libraries\STM32F4xx_StdPeriph_Driver\src\stm32f4xx_dbgmcu.c': compiler options has been changed.
'l:\STM32_Example\Github\STM32-Learn\STM32F407\libraries\STM32F4xx_StdPeriph_Driver\src\stm32f4xx_dcmi.c': compiler options has been changed.
'l:\STM32_Example\Github\STM32-Learn\STM32F407\libraries\STM32F4xx_StdPeriph_Driver\src\stm32f4xx_dfsdm.c': compiler options has been changed.
'l:\STM32_Example\Github\STM32-Learn\STM32F407\libraries\STM32F4xx_StdPeriph_Driver\src\stm32f4xx_dma.c': compiler options has been changed.
'l:\STM32_Example\Github\STM32-Learn\STM32F407\libraries\STM32F4xx_StdPeriph_Driver\src\stm32f4xx_dma2d.c': compiler options has been changed.
'l:\STM32_Example\Github\STM32-Learn\STM32F407\libraries\STM32F4xx_StdPeriph_Driver\src\stm32f4xx_dsi.c': compiler options has been changed.
'l:\STM32_Example\Github\STM32-Learn\STM32F407\libraries\STM32F4xx_StdPeriph_Driver\src\stm32f4xx_exti.c': compiler options has been changed.
'l:\STM32_Example\Github\STM32-Learn\STM32F407\libraries\STM32F4xx_StdPeriph_Driver\src\stm32f4xx_flash.c': compiler options has been changed.
'l:\STM32_Example\Github\STM32-Learn\STM32F407\libraries\STM32F4xx_StdPeriph_Driver\src\stm32f4xx_flash_ramfunc.c': compiler options has been changed.
'l:\STM32_Example\Github\STM32-Learn\STM32F407\libraries\STM32F4xx_StdPeriph_Driver\src\stm32f4xx_fmpi2c.c': compiler options has been changed.
'l:\STM32_Example\Github\STM32-Learn\STM32F407\libraries\STM32F4xx_StdPeriph_Driver\src\stm32f4xx_fsmc.c': compiler options has been changed.
'l:\STM32_Example\Github\STM32-Learn\STM32F407\libraries\STM32F4xx_StdPeriph_Driver\src\stm32f4xx_gpio.c': compiler options has been changed.
'l:\STM32_Example\Github\STM32-Learn\STM32F407\libraries\STM32F4xx_StdPeriph_Driver\src\stm32f4xx_hash.c': compiler options has been changed.
'l:\STM32_Example\Github\STM32-Learn\STM32F407\libraries\STM32F4xx_StdPeriph_Driver\src\stm32f4xx_hash_md5.c': compiler options has been changed.
'l:\STM32_Example\Github\STM32-Learn\STM32F407\libraries\STM32F4xx_StdPeriph_Driver\src\stm32f4xx_hash_sha1.c': compiler options has been changed.
'l:\STM32_Example\Github\STM32-Learn\STM32F407\libraries\STM32F4xx_StdPeriph_Driver\src\stm32f4xx_i2c.c': compiler options has been changed.
'l:\STM32_Example\Github\STM32-Learn\STM32F407\libraries\STM32F4xx_StdPeriph_Driver\src\stm32f4xx_iwdg.c': compiler options has been changed.
'l:\STM32_Example\Github\STM32-Learn\STM32F407\libraries\STM32F4xx_StdPeriph_Driver\src\stm32f4xx_lptim.c': compiler options has been changed.
'l:\STM32_Example\Github\STM32-Learn\STM32F407\libraries\STM32F4xx_StdPeriph_Driver\src\stm32f4xx_ltdc.c': compiler options has been changed.
'l:\STM32_Example\Github\STM32-Learn\STM32F407\libraries\STM32F4xx_StdPeriph_Driver\src\stm32f4xx_pwr.c': compiler options has been changed.
'l:\STM32_Example\Github\STM32-Learn\STM32F407\libraries\STM32F4xx_StdPeriph_Driver\src\stm32f4xx_qspi.c': compiler options has been changed.
'l:\STM32_Example\Github\STM32-Learn\STM32F407\libraries\STM32F4xx_StdPeriph_Driver\src\stm32f4xx_rcc.c': compiler options has been changed.
'l:\STM32_Example\Github\STM32-Learn\STM32F407\libraries\STM32F4xx_StdPeriph_Driver\src\stm32f4xx_rng.c': compiler options has been changed.
'l:\STM32_Example\Github\STM32-Learn\STM32F407\libraries\STM32F4xx_StdPeriph_Driver\src\stm32f4xx_rtc.c': compiler options has been changed.
'l:\STM32_Example\Github\STM32-Learn\STM32F407\libraries\STM32F4xx_StdPeriph_Driver\src\stm32f4xx_sai.c': compiler options has been changed.
'l:\STM32_Example\Github\STM32-Learn\STM32F407\libraries\STM32F4xx_StdPeriph_Driver\src\stm32f4xx_sdio.c': compiler options has been changed.
'l:\STM32_Example\Github\STM32-Learn\STM32F407\libraries\STM32F4xx_StdPeriph_Driver\src\stm32f4xx_spdifrx.c': compiler options has been changed.
'l:\STM32_Example\Github\STM32-Learn\STM32F407\libraries\STM32F4xx_StdPeriph_Driver\src\stm32f4xx_spi.c': compiler options has been changed.
'l:\STM32_Example\Github\STM32-Learn\STM32F407\libraries\STM32F4xx_StdPeriph_Driver\src\stm32f4xx_syscfg.c': compiler options has been changed.
'l:\STM32_Example\Github\STM32-Learn\STM32F407\libraries\STM32F4xx_StdPeriph_Driver\src\stm32f4xx_tim.c': compiler options has been changed.
'l:\STM32_Example\Github\STM32-Learn\STM32F407\libraries\STM32F4xx_StdPeriph_Driver\src\stm32f4xx_usart.c': compiler options has been changed.
'l:\STM32_Example\Github\STM32-Learn\STM32F407\libraries\STM32F4xx_StdPeriph_Driver\src\stm32f4xx_wwdg.c': compiler options has been changed.
'l:\STM32_Example\Github\STM32-Learn\STM32F407\module\stm32f4xx_it.c': compiler options has been changed.
'l:\STM32_Example\Github\STM32-Learn\STM32F407\protocol\MY_your_driver.c': object (.o) file not exist
'l:\STM32_Example\Github\STM32-Learn\STM32F407\protocol\cmd_handlers.c': object (.o) file not exist
'l:\STM32_Example\Github\STM32-Learn\STM32F407\protocol\crc16.c': object (.o) file not exist
'l:\STM32_Example\Github\STM32-Learn\STM32F407\protocol\hdlc_core.c': object (.o) file not exist

[2025-11-29 16:16:55]	compilation failed at : "l:\STM32_Example\Github\STM32-Learn\STM32F407\protocol\cmd_handlers.c", exit code: 1
command: 
  "L:\Keil\Keil_v5\ARM\AC5\bin\armcc.exe" -c --apcs=interwork -I../../app -I../../board -I../../bsp -I../../libraries/CMSIS/Include -I../../libraries/CMSIS/Device/ST/STM32F4xx/Include -I../../libraries/STM32F4xx_StdPeriph_Driver/inc -I../../module -I../../bsp/uart -I../../bsp/I2C -IRTE/_Project -I../../bsp/Response -I../../bsp/SPI -I../../bsp/DMA -I../../bsp/NVIC -I../../bsp/DCMI -I../../PeripheralModule/SPI_Screen -I../../PeripheralModule/OV2640 -I../../protocol -D"USE_STDPERIPH_DRIVER" -D"STM32F40_41xxx" --cpu Cortex-M4.fp --li --c99 -D__MICROLIB -O0 --split_sections --gnu --diag_suppress=1 --diag_suppress=1295 -g -o .\build\Project\.obj\__\__\protocol\cmd_handlers.o --no_depend_system_headers --depend .\build\Project\.obj\__\__\protocol\cmd_handlers.d .\..\..\protocol\cmd_handlers.c
   at unify_builder.Program.compileByMulThread(Int32 thrNum, CmdInfo[] cmds_, List`1 errLogs)
   at unify_builder.Program.Main(String[] args_)
---
".\..\..\protocol\cmd_handlers.c", line 24: Warning:  #223-D: function "hdlc_send_frame" declared implicitly
      hdlc_send_frame(CMD_FLASH_READ_RESULT, buf, length);
      ^
".\..\..\protocol\cmd_handlers.c", line 36: Warning:  #223-D: function "hdlc_send_frame" declared implicitly
      hdlc_send_frame(CMD_I2C_READ_RESULT, ok ? &value : NULL, ok ? 1 : 0);
      ^
".\..\..\protocol\cmd_handlers.c", line 36: Error:  #20: identifier "NULL" is undefined
      hdlc_send_frame(CMD_I2C_READ_RESULT, ok ? &value : NULL, ok ? 1 : 0);
                                                         ^
".\..\..\protocol\cmd_handlers.c", line 48: Warning:  #223-D: function "hdlc_send_frame" declared implicitly
      hdlc_send_frame(CMD_I2C_WRITE_ACK, NULL, 0);
      ^
".\..\..\protocol\cmd_handlers.c", line 48: Error:  #20: identifier "NULL" is undefined
      hdlc_send_frame(CMD_I2C_WRITE_ACK, NULL, 0);
                                         ^
".\..\..\protocol\cmd_handlers.c", line 59: Warning:  #223-D: function "hdlc_send_frame" declared implicitly
      hdlc_send_frame(CMD_SPI_READ_RESULT, ok ? &value : NULL, ok ? 1 : 0);
      ^
".\..\..\protocol\cmd_handlers.c", line 59: Error:  #20: identifier "NULL" is undefined
      hdlc_send_frame(CMD_SPI_READ_RESULT, ok ? &value : NULL, ok ? 1 : 0);
                                                         ^
".\..\..\protocol\cmd_handlers.c", line 70: Warning:  #223-D: function "hdlc_send_frame" declared implicitly
      hdlc_send_frame(CMD_SPI_WRITE_ACK, NULL, 0);
      ^
".\..\..\protocol\cmd_handlers.c", line 70: Error:  #20: identifier "NULL" is undefined
      hdlc_send_frame(CMD_SPI_WRITE_ACK, NULL, 0);
                                         ^
.\..\..\protocol\cmd_handlers.c: 5 warnings, 4 errors

[2025-11-29 16:18:30]	[info] incremental build: 1 source files changed
These source files will be recompiled
---
'l:\STM32_Example\Github\STM32-Learn\STM32F407\protocol\cmd_handlers.c': object (.o) file not exist

[2025-11-29 16:18:31]	link failed !, exit code: 1
   at unify_builder.Program.Main(String[] args_)
---
Error: L6218E: Undefined symbol hdlc_send_frame (referred from cmd_handlers.o).
Not enough information to list image symbols.
Finished: 1 information, 0 warning and 1 error messages.


[2025-11-29 16:20:11]	[info] incremental build: 2 source files changed
These source files will be recompiled
---
'l:\STM32_Example\Github\STM32-Learn\STM32F407\protocol\cmd_handlers.c': dependence 'l:\STM32_Example\Github\STM32-Learn\STM32F407\project\MDK(V5)\..\..\protocol\hdlc_core.h' has been changed.
'l:\STM32_Example\Github\STM32-Learn\STM32F407\protocol\hdlc_core.c': source file has been changed.

[2025-11-29 16:20:12]	[done]
	build successfully !

[2025-11-29 16:22:09]	[info] incremental build: 1 source files changed
These source files will be recompiled
---
'l:\STM32_Example\Github\STM32-Learn\STM32F407\protocol\hdlc_core.c': source file has been changed.

[2025-11-29 16:22:09]	[done]
	build successfully !

[2025-11-29 16:25:30]	[info] incremental build: 3 source files changed
These source files will be recompiled
---
'l:\STM32_Example\Github\STM32-Learn\STM32F407\protocol\MY_your_driver.c': source file has been changed.
'l:\STM32_Example\Github\STM32-Learn\STM32F407\protocol\cmd_handlers.c': dependence 'l:\STM32_Example\Github\STM32-Learn\STM32F407\project\MDK(V5)\..\..\protocol\MY_your_driver.h' has been changed.
'l:\STM32_Example\Github\STM32-Learn\STM32F407\protocol\hdlc_core.c': source file has been changed.

[2025-11-29 16:25:31]	[done]
	build successfully !

[2025-11-29 17:03:11]	[info] incremental build: 3 source files changed
These source files will be recompiled
---
'l:\STM32_Example\Github\STM32-Learn\STM32F407\protocol\MY_your_driver.c': source file has been changed.
'l:\STM32_Example\Github\STM32-Learn\STM32F407\protocol\cmd_handlers.c': dependence 'l:\STM32_Example\Github\STM32-Learn\STM32F407\project\MDK(V5)\..\..\protocol\MY_your_driver.h' has been changed.
'l:\STM32_Example\Github\STM32-Learn\STM32F407\protocol\hdlc_core.c': dependence 'l:\STM32_Example\Github\STM32-Learn\STM32F407\project\MDK(V5)\..\..\protocol\MY_your_driver.h' has been changed.

[2025-11-29 17:03:11]	link failed !, exit code: 1
   at unify_builder.Program.Main(String[] args_)
---
Error: L6218E: Undefined symbol SPI_CS_ON1 (referred from MY_your_driver.o).
Not enough information to list image symbols.
Finished: 1 information, 0 warning and 1 error messages.


[2025-11-29 17:03:30]	[info] incremental build: 1 source files changed
These source files will be recompiled
---
'l:\STM32_Example\Github\STM32-Learn\STM32F407\protocol\MY_your_driver.c': source file has been changed.

[2025-11-29 17:03:30]	[done]
	build successfully !

